This file contains any messages produced by compilers while
running configure, to aid debugging if configure makes a mistake.

It was created by ethercat configure 1.5.2-sncn-7, which was
generated by GNU Autoconf 2.69.  Invocation command line was

  $ ./configure 

## --------- ##
## Platform. ##
## --------- ##

hostname = YNTP16
uname -m = aarch64
uname -r = 4.9.140-tegra
uname -s = Linux
uname -v = #1 SMP PREEMPT Tue Jul 16 17:09:53 PDT 2019

/usr/bin/uname -p = unknown
/bin/uname -X     = unknown

/bin/arch              = unknown
/usr/bin/arch -k       = unknown
/usr/convex/getsysinfo = unknown
/usr/bin/hostinfo      = unknown
/bin/machine           = unknown
/usr/bin/oslevel       = unknown
/bin/universe          = unknown

PATH: /usr/local/sbin
PATH: /usr/local/bin
PATH: /usr/sbin
PATH: /usr/bin
PATH: /sbin
PATH: /bin
PATH: /usr/games
PATH: /usr/local/games
PATH: /snap/bin


## ----------- ##
## Core tests. ##
## ----------- ##

configure:2459: checking for a BSD-compatible install
configure:2527: result: /usr/bin/install -c
configure:2538: checking whether build environment is sane
configure:2593: result: yes
configure:2744: checking for a thread-safe mkdir -p
configure:2783: result: /bin/mkdir -p
configure:2790: checking for gawk
configure:2820: result: no
configure:2790: checking for mawk
configure:2806: found /usr/bin/mawk
configure:2817: result: mawk
configure:2828: checking whether make sets $(MAKE)
configure:2850: result: yes
configure:2879: checking whether make supports nested variables
configure:2896: result: yes
configure:3048: checking for style of include used by make
configure:3076: result: GNU
configure:3147: checking for gcc
configure:3163: found /usr/bin/gcc
configure:3174: result: gcc
configure:3403: checking for C compiler version
configure:3412: gcc --version >&5
gcc (Ubuntu/Linaro 7.4.0-1ubuntu1~18.04.1) 7.4.0
Copyright (C) 2017 Free Software Foundation, Inc.
This is free software; see the source for copying conditions.  There is NO
warranty; not even for MERCHANTABILITY or FITNESS FOR A PARTICULAR PURPOSE.

configure:3423: $? = 0
configure:3412: gcc -v >&5
Using built-in specs.
COLLECT_GCC=gcc
COLLECT_LTO_WRAPPER=/usr/lib/gcc/aarch64-linux-gnu/7/lto-wrapper
Target: aarch64-linux-gnu
Configured with: ../src/configure -v --with-pkgversion='Ubuntu/Linaro 7.4.0-1ubuntu1~18.04.1' --with-bugurl=file:///usr/share/doc/gcc-7/README.Bugs --enable-languages=c,ada,c++,go,d,fortran,objc,obj-c++ --prefix=/usr --with-gcc-major-version-only --program-suffix=-7 --program-prefix=aarch64-linux-gnu- --enable-shared --enable-linker-build-id --libexecdir=/usr/lib --without-included-gettext --enable-threads=posix --libdir=/usr/lib --enable-nls --with-sysroot=/ --enable-clocale=gnu --enable-libstdcxx-debug --enable-libstdcxx-time=yes --with-default-libstdcxx-abi=new --enable-gnu-unique-object --disable-libquadmath --disable-libquadmath-support --enable-plugin --enable-default-pie --with-system-zlib --enable-multiarch --enable-fix-cortex-a53-843419 --disable-werror --enable-checking=release --build=aarch64-linux-gnu --host=aarch64-linux-gnu --target=aarch64-linux-gnu
Thread model: posix
gcc version 7.4.0 (Ubuntu/Linaro 7.4.0-1ubuntu1~18.04.1) 
configure:3423: $? = 0
configure:3412: gcc -V >&5
gcc: error: unrecognized command line option '-V'
gcc: fatal error: no input files
compilation terminated.
configure:3423: $? = 1
configure:3412: gcc -qversion >&5
gcc: error: unrecognized command line option '-qversion'; did you mean '--version'?
gcc: fatal error: no input files
compilation terminated.
configure:3423: $? = 1
configure:3443: checking whether the C compiler works
configure:3465: gcc    conftest.c  >&5
configure:3469: $? = 0
configure:3517: result: yes
configure:3520: checking for C compiler default output file name
configure:3522: result: a.out
configure:3528: checking for suffix of executables
configure:3535: gcc -o conftest    conftest.c  >&5
configure:3539: $? = 0
configure:3561: result: 
configure:3583: checking whether we are cross compiling
configure:3591: gcc -o conftest    conftest.c  >&5
configure:3595: $? = 0
configure:3602: ./conftest
configure:3606: $? = 0
configure:3621: result: no
configure:3626: checking for suffix of object files
configure:3648: gcc -c   conftest.c >&5
configure:3652: $? = 0
configure:3673: result: o
configure:3677: checking whether we are using the GNU C compiler
configure:3696: gcc -c   conftest.c >&5
configure:3696: $? = 0
configure:3705: result: yes
configure:3714: checking whether gcc accepts -g
configure:3734: gcc -c -g  conftest.c >&5
configure:3734: $? = 0
configure:3775: result: yes
configure:3792: checking for gcc option to accept ISO C89
configure:3855: gcc  -c -g -O2  conftest.c >&5
configure:3855: $? = 0
configure:3868: result: none needed
configure:3893: checking whether gcc understands -c and -o together
configure:3915: gcc -c conftest.c -o conftest2.o
configure:3918: $? = 0
configure:3915: gcc -c conftest.c -o conftest2.o
configure:3918: $? = 0
configure:3930: result: yes
configure:3949: checking dependency style of gcc
configure:4060: result: gcc3
configure:4126: checking for ar
configure:4142: found /usr/bin/ar
configure:4153: result: ar
configure:4179: checking the archiver (ar) interface
configure:4195: gcc -c -g -O2  conftest.c >&5
configure:4195: $? = 0
configure:4197: ar cru libconftest.a conftest.o >&5
ar: `u' modifier ignored since `D' is the default (see `U')
configure:4200: $? = 0
configure:4228: result: ar
configure:4306: checking for g++
configure:4322: found /usr/bin/g++
configure:4333: result: g++
configure:4360: checking for C++ compiler version
configure:4369: g++ --version >&5
g++ (Ubuntu/Linaro 7.4.0-1ubuntu1~18.04.1) 7.4.0
Copyright (C) 2017 Free Software Foundation, Inc.
This is free software; see the source for copying conditions.  There is NO
warranty; not even for MERCHANTABILITY or FITNESS FOR A PARTICULAR PURPOSE.

configure:4380: $? = 0
configure:4369: g++ -v >&5
Using built-in specs.
COLLECT_GCC=g++
COLLECT_LTO_WRAPPER=/usr/lib/gcc/aarch64-linux-gnu/7/lto-wrapper
Target: aarch64-linux-gnu
Configured with: ../src/configure -v --with-pkgversion='Ubuntu/Linaro 7.4.0-1ubuntu1~18.04.1' --with-bugurl=file:///usr/share/doc/gcc-7/README.Bugs --enable-languages=c,ada,c++,go,d,fortran,objc,obj-c++ --prefix=/usr --with-gcc-major-version-only --program-suffix=-7 --program-prefix=aarch64-linux-gnu- --enable-shared --enable-linker-build-id --libexecdir=/usr/lib --without-included-gettext --enable-threads=posix --libdir=/usr/lib --enable-nls --with-sysroot=/ --enable-clocale=gnu --enable-libstdcxx-debug --enable-libstdcxx-time=yes --with-default-libstdcxx-abi=new --enable-gnu-unique-object --disable-libquadmath --disable-libquadmath-support --enable-plugin --enable-default-pie --with-system-zlib --enable-multiarch --enable-fix-cortex-a53-843419 --disable-werror --enable-checking=release --build=aarch64-linux-gnu --host=aarch64-linux-gnu --target=aarch64-linux-gnu
Thread model: posix
gcc version 7.4.0 (Ubuntu/Linaro 7.4.0-1ubuntu1~18.04.1) 
configure:4380: $? = 0
configure:4369: g++ -V >&5
g++: error: unrecognized command line option '-V'
g++: fatal error: no input files
compilation terminated.
configure:4380: $? = 1
configure:4369: g++ -qversion >&5
g++: error: unrecognized command line option '-qversion'; did you mean '--version'?
g++: fatal error: no input files
compilation terminated.
configure:4380: $? = 1
configure:4384: checking whether we are using the GNU C++ compiler
configure:4403: g++ -c   conftest.cpp >&5
configure:4403: $? = 0
configure:4412: result: yes
configure:4421: checking whether g++ accepts -g
configure:4441: g++ -c -g  conftest.cpp >&5
configure:4441: $? = 0
configure:4482: result: yes
configure:4507: checking dependency style of g++
configure:4618: result: gcc3
configure:4662: checking build system type
configure:4676: result: aarch64-unknown-linux-gnu
configure:4696: checking host system type
configure:4709: result: aarch64-unknown-linux-gnu
configure:4750: checking how to print strings
configure:4777: result: printf
configure:4798: checking for a sed that does not truncate output
configure:4862: result: /bin/sed
configure:4880: checking for grep that handles long lines and -e
configure:4938: result: /bin/grep
configure:4943: checking for egrep
configure:5005: result: /bin/grep -E
configure:5010: checking for fgrep
configure:5072: result: /bin/grep -F
configure:5107: checking for ld used by gcc
configure:5174: result: /usr/bin/ld
configure:5181: checking if the linker (/usr/bin/ld) is GNU ld
configure:5196: result: yes
configure:5208: checking for BSD- or MS-compatible name lister (nm)
configure:5262: result: /usr/bin/nm -B
configure:5392: checking the name lister (/usr/bin/nm -B) interface
configure:5399: gcc -c -g -O2  conftest.c >&5
configure:5402: /usr/bin/nm -B "conftest.o"
configure:5405: output
0000000000000000 B some_variable
configure:5412: result: BSD nm
configure:5415: checking whether ln -s works
configure:5419: result: yes
configure:5427: checking the maximum length of command line arguments
configure:5558: result: 1572864
configure:5606: checking how to convert aarch64-unknown-linux-gnu file names to aarch64-unknown-linux-gnu format
configure:5646: result: func_convert_file_noop
configure:5653: checking how to convert aarch64-unknown-linux-gnu file names to toolchain format
configure:5673: result: func_convert_file_noop
configure:5680: checking for /usr/bin/ld option to reload object files
configure:5687: result: -r
configure:5761: checking for objdump
configure:5777: found /usr/bin/objdump
configure:5788: result: objdump
configure:5820: checking how to recognize dependent libraries
configure:6020: result: pass_all
configure:6105: checking for dlltool
configure:6135: result: no
configure:6165: checking how to associate runtime and link libraries
configure:6192: result: printf %s\n
configure:6316: checking for archiver @FILE support
configure:6333: gcc -c -g -O2  conftest.c >&5
configure:6333: $? = 0
configure:6336: ar cru libconftest.a @conftest.lst >&5
ar: `u' modifier ignored since `D' is the default (see `U')
configure:6339: $? = 0
configure:6344: ar cru libconftest.a @conftest.lst >&5
ar: `u' modifier ignored since `D' is the default (see `U')
ar: conftest.o: No such file or directory
configure:6347: $? = 1
configure:6359: result: @
configure:6417: checking for strip
configure:6433: found /usr/bin/strip
configure:6444: result: strip
configure:6516: checking for ranlib
configure:6532: found /usr/bin/ranlib
configure:6543: result: ranlib
configure:6645: checking command to parse /usr/bin/nm -B output from gcc object
configure:6798: gcc -c -g -O2  conftest.c >&5
configure:6801: $? = 0
configure:6805: /usr/bin/nm -B conftest.o \| sed -n -e 's/^.*[ ]\([ABCDGIRSTW][ABCDGIRSTW]*\)[ ][ ]*\([_A-Za-z][_A-Za-z0-9]*\)$/\1 \2 \2/p' | sed '/ __gnu_lto/d' \> conftest.nm
configure:6808: $? = 0
configure:6874: gcc -o conftest -g -O2   conftest.c conftstm.o >&5
configure:6877: $? = 0
configure:6915: result: ok
configure:6962: checking for sysroot
configure:6992: result: no
configure:6999: checking for a working dd
configure:7037: result: /bin/dd
configure:7041: checking how to truncate binary pipes
configure:7056: result: /bin/dd bs=4096 count=1
configure:7385: checking for mt
configure:7401: found /bin/mt
configure:7412: result: mt
configure:7435: checking if mt is a manifest tool
configure:7441: mt '-?'
configure:7449: result: no
configure:8126: checking how to run the C preprocessor
configure:8157: gcc -E  conftest.c
configure:8157: $? = 0
configure:8171: gcc -E  conftest.c
conftest.c:11:10: fatal error: ac_nonexistent.h: No such file or directory
 #include <ac_nonexistent.h>
          ^~~~~~~~~~~~~~~~~~
compilation terminated.
configure:8171: $? = 1
configure: failed program was:
| /* confdefs.h */
| #define PACKAGE_NAME "ethercat"
| #define PACKAGE_TARNAME "ethercat"
| #define PACKAGE_VERSION "1.5.2-sncn-7"
| #define PACKAGE_STRING "ethercat 1.5.2-sncn-7"
| #define PACKAGE_BUGREPORT "fp@igh-essen.com"
| #define PACKAGE_URL ""
| #define PACKAGE "ethercat"
| #define VERSION "1.5.2-sncn-7"
| /* end confdefs.h.  */
| #include <ac_nonexistent.h>
configure:8196: result: gcc -E
configure:8216: gcc -E  conftest.c
configure:8216: $? = 0
configure:8230: gcc -E  conftest.c
conftest.c:11:10: fatal error: ac_nonexistent.h: No such file or directory
 #include <ac_nonexistent.h>
          ^~~~~~~~~~~~~~~~~~
compilation terminated.
configure:8230: $? = 1
configure: failed program was:
| /* confdefs.h */
| #define PACKAGE_NAME "ethercat"
| #define PACKAGE_TARNAME "ethercat"
| #define PACKAGE_VERSION "1.5.2-sncn-7"
| #define PACKAGE_STRING "ethercat 1.5.2-sncn-7"
| #define PACKAGE_BUGREPORT "fp@igh-essen.com"
| #define PACKAGE_URL ""
| #define PACKAGE "ethercat"
| #define VERSION "1.5.2-sncn-7"
| /* end confdefs.h.  */
| #include <ac_nonexistent.h>
configure:8259: checking for ANSI C header files
configure:8279: gcc -c -g -O2  conftest.c >&5
configure:8279: $? = 0
configure:8352: gcc -o conftest -g -O2   conftest.c  >&5
configure:8352: $? = 0
configure:8352: ./conftest
configure:8352: $? = 0
configure:8363: result: yes
configure:8376: checking for sys/types.h
configure:8376: gcc -c -g -O2  conftest.c >&5
configure:8376: $? = 0
configure:8376: result: yes
configure:8376: checking for sys/stat.h
configure:8376: gcc -c -g -O2  conftest.c >&5
configure:8376: $? = 0
configure:8376: result: yes
configure:8376: checking for stdlib.h
configure:8376: gcc -c -g -O2  conftest.c >&5
configure:8376: $? = 0
configure:8376: result: yes
configure:8376: checking for string.h
configure:8376: gcc -c -g -O2  conftest.c >&5
configure:8376: $? = 0
configure:8376: result: yes
configure:8376: checking for memory.h
configure:8376: gcc -c -g -O2  conftest.c >&5
configure:8376: $? = 0
configure:8376: result: yes
configure:8376: checking for strings.h
configure:8376: gcc -c -g -O2  conftest.c >&5
configure:8376: $? = 0
configure:8376: result: yes
configure:8376: checking for inttypes.h
configure:8376: gcc -c -g -O2  conftest.c >&5
configure:8376: $? = 0
configure:8376: result: yes
configure:8376: checking for stdint.h
configure:8376: gcc -c -g -O2  conftest.c >&5
configure:8376: $? = 0
configure:8376: result: yes
configure:8376: checking for unistd.h
configure:8376: gcc -c -g -O2  conftest.c >&5
configure:8376: $? = 0
configure:8376: result: yes
configure:8390: checking for dlfcn.h
configure:8390: gcc -c -g -O2  conftest.c >&5
configure:8390: $? = 0
configure:8390: result: yes
configure:8657: checking for objdir
configure:8672: result: .libs
configure:8936: checking if gcc supports -fno-rtti -fno-exceptions
configure:8954: gcc -c -g -O2  -fno-rtti -fno-exceptions conftest.c >&5
cc1: warning: command line option '-fno-rtti' is valid for C++/ObjC++ but not for C
configure:8958: $? = 0
configure:8971: result: no
configure:9329: checking for gcc option to produce PIC
configure:9336: result: -fPIC -DPIC
configure:9344: checking if gcc PIC flag -fPIC -DPIC works
configure:9362: gcc -c -g -O2  -fPIC -DPIC -DPIC conftest.c >&5
configure:9366: $? = 0
configure:9379: result: yes
configure:9408: checking if gcc static flag -static works
configure:9436: result: yes
configure:9451: checking if gcc supports -c -o file.o
configure:9472: gcc -c -g -O2  -o out/conftest2.o conftest.c >&5
configure:9476: $? = 0
configure:9498: result: yes
configure:9506: checking if gcc supports -c -o file.o
configure:9553: result: yes
configure:9586: checking whether the gcc linker (/usr/bin/ld) supports shared libraries
configure:10849: result: yes
configure:10886: checking whether -lc should be explicitly linked in
configure:10894: gcc -c -g -O2  conftest.c >&5
configure:10897: $? = 0
configure:10912: gcc -shared  -fPIC -DPIC conftest.o  -v -Wl,-soname -Wl,conftest -o conftest 2\>\&1 \| /bin/grep  -lc  \>/dev/null 2\>\&1
configure:10915: $? = 0
configure:10929: result: no
configure:11089: checking dynamic linker characteristics
configure:11670: gcc -o conftest -g -O2   -Wl,-rpath -Wl,/foo conftest.c  >&5
configure:11670: $? = 0
configure:11919: result: GNU/Linux ld.so
configure:12041: checking how to hardcode library paths into programs
configure:12066: result: immediate
configure:12614: checking whether stripping libraries is possible
configure:12619: result: yes
configure:12654: checking if libtool supports shared libraries
configure:12656: result: yes
configure:12659: checking whether to build shared libraries
configure:12684: result: yes
configure:12687: checking whether to build static libraries
configure:12691: result: yes
configure:12714: checking how to run the C++ preprocessor
configure:12741: g++ -E  conftest.cpp
configure:12741: $? = 0
configure:12755: g++ -E  conftest.cpp
conftest.cpp:23:10: fatal error: ac_nonexistent.h: No such file or directory
 #include <ac_nonexistent.h>
          ^~~~~~~~~~~~~~~~~~
compilation terminated.
configure:12755: $? = 1
configure: failed program was:
| /* confdefs.h */
| #define PACKAGE_NAME "ethercat"
| #define PACKAGE_TARNAME "ethercat"
| #define PACKAGE_VERSION "1.5.2-sncn-7"
| #define PACKAGE_STRING "ethercat 1.5.2-sncn-7"
| #define PACKAGE_BUGREPORT "fp@igh-essen.com"
| #define PACKAGE_URL ""
| #define PACKAGE "ethercat"
| #define VERSION "1.5.2-sncn-7"
| #define STDC_HEADERS 1
| #define HAVE_SYS_TYPES_H 1
| #define HAVE_SYS_STAT_H 1
| #define HAVE_STDLIB_H 1
| #define HAVE_STRING_H 1
| #define HAVE_MEMORY_H 1
| #define HAVE_STRINGS_H 1
| #define HAVE_INTTYPES_H 1
| #define HAVE_STDINT_H 1
| #define HAVE_UNISTD_H 1
| #define HAVE_DLFCN_H 1
| #define LT_OBJDIR ".libs/"
| /* end confdefs.h.  */
| #include <ac_nonexistent.h>
configure:12780: result: g++ -E
configure:12800: g++ -E  conftest.cpp
configure:12800: $? = 0
configure:12814: g++ -E  conftest.cpp
conftest.cpp:23:10: fatal error: ac_nonexistent.h: No such file or directory
 #include <ac_nonexistent.h>
          ^~~~~~~~~~~~~~~~~~
compilation terminated.
configure:12814: $? = 1
configure: failed program was:
| /* confdefs.h */
| #define PACKAGE_NAME "ethercat"
| #define PACKAGE_TARNAME "ethercat"
| #define PACKAGE_VERSION "1.5.2-sncn-7"
| #define PACKAGE_STRING "ethercat 1.5.2-sncn-7"
| #define PACKAGE_BUGREPORT "fp@igh-essen.com"
| #define PACKAGE_URL ""
| #define PACKAGE "ethercat"
| #define VERSION "1.5.2-sncn-7"
| #define STDC_HEADERS 1
| #define HAVE_SYS_TYPES_H 1
| #define HAVE_SYS_STAT_H 1
| #define HAVE_STDLIB_H 1
| #define HAVE_STRING_H 1
| #define HAVE_MEMORY_H 1
| #define HAVE_STRINGS_H 1
| #define HAVE_INTTYPES_H 1
| #define HAVE_STDINT_H 1
| #define HAVE_UNISTD_H 1
| #define HAVE_DLFCN_H 1
| #define LT_OBJDIR ".libs/"
| /* end confdefs.h.  */
| #include <ac_nonexistent.h>
configure:12976: checking for ld used by g++
configure:13043: result: /usr/bin/ld
configure:13050: checking if the linker (/usr/bin/ld) is GNU ld
configure:13065: result: yes
configure:13120: checking whether the g++ linker (/usr/bin/ld) supports shared libraries
configure:14193: result: yes
configure:14229: g++ -c -g -O2  conftest.cpp >&5
configure:14232: $? = 0
configure:14713: checking for g++ option to produce PIC
configure:14720: result: -fPIC -DPIC
configure:14728: checking if g++ PIC flag -fPIC -DPIC works
configure:14746: g++ -c -g -O2  -fPIC -DPIC -DPIC conftest.cpp >&5
configure:14750: $? = 0
configure:14763: result: yes
configure:14786: checking if g++ static flag -static works
configure:14814: result: yes
configure:14826: checking if g++ supports -c -o file.o
configure:14847: g++ -c -g -O2  -o out/conftest2.o conftest.cpp >&5
configure:14851: $? = 0
configure:14873: result: yes
configure:14878: checking if g++ supports -c -o file.o
configure:14925: result: yes
configure:14955: checking whether the g++ linker (/usr/bin/ld) supports shared libraries
configure:14998: result: yes
configure:15139: checking dynamic linker characteristics
configure:15896: result: GNU/Linux ld.so
configure:15961: checking how to hardcode library paths into programs
configure:15986: result: immediate
configure:16052: checking whether to build kernel modules
configure:16074: result: yes
configure:16118: checking for Linux kernel sources
configure:16155: result: /usr/src/linux-headers-4.9.140-tegra-ubuntu18.04_aarch64/kernel-4.9 (Kernel 4.9)
configure:16176: checking for Linux modules installation directory
configure:16178: result: ethercat
configure:16588: checking whether to build the CCAT driver
configure:16613: result: no
configure:16648: checking for RTAI path
configure:16652: result: not specified.
configure:16703: checking for Xenomai path
configure:16707: result: not specified.
configure:16772: checking whether to build RTDM interface
configure:16782: result: no
configure:16801: checking whether to build the debug interface
configure:16829: result: no
configure:16848: checking whether to build the debug ring
configure:16876: result: no
configure:16884: checking whether to build with EoE support
configure:16909: result: yes
configure:16931: checking whether to use the CPU timestamp counter
configure:16959: result: no
configure:16967: checking whether to use high-resolution timers for scheduling
configure:16995: result: no
configure:17003: checking whether to read alias addresses from registers
configure:17031: result: no
configure:17039: checking whether to force the reference clock to OP
configure:17067: result: no
configure:17075: checking whether to build the command-line tool
configure:17097: result: yes
configure:17117: checking whether to build the userspace library
configure:17139: result: yes
configure:17159: checking whether to build the ethercat wrapper library
configure:17181: result: yes
configure:17201: checking whether to build the tty driver
configure:17226: result: no
configure:17245: checking whether to allow identification wildcards
configure:17273: result: no
configure:17295: checking for number of Ethernet devices
configure:17305: result: 1 (Redundancy disabled)
configure:17320: checking whether to assign the SII to PDI
configure:17348: result: no
configure:17356: checking whether to syslog in realtime context
configure:17381: result: yes
configure:17392: checking whether to use loop control registers
configure:17420: result: no
configure:17537: checking that generated files are newer than configure
configure:17543: result: done
configure:17638: creating ./config.status

## ---------------------- ##
## Running config.status. ##
## ---------------------- ##

This file was extended by ethercat config.status 1.5.2-sncn-7, which was
generated by GNU Autoconf 2.69.  Invocation command line was

  CONFIG_FILES    = 
  CONFIG_HEADERS  = 
  CONFIG_LINKS    = 
  CONFIG_COMMANDS = 
  $ ./config.status 

on YNTP16

config.status:1257: creating Doxyfile
config.status:1257: creating Kbuild
config.status:1257: creating Makefile
config.status:1257: creating devices/Kbuild
config.status:1257: creating devices/Makefile
config.status:1257: creating devices/ccat/Kbuild
config.status:1257: creating devices/ccat/Makefile
config.status:1257: creating devices/e1000/Kbuild
config.status:1257: creating devices/e1000/Makefile
config.status:1257: creating devices/e1000e/Kbuild
config.status:1257: creating devices/e1000e/Makefile
config.status:1257: creating ethercat.spec
config.status:1257: creating examples/Kbuild
config.status:1257: creating examples/Makefile
config.status:1257: creating examples/dc_rtai/Kbuild
config.status:1257: creating examples/dc_rtai/Makefile
config.status:1257: creating examples/dc_user/Makefile
config.status:1257: creating examples/mini/Kbuild
config.status:1257: creating examples/mini/Makefile
config.status:1257: creating examples/rtai/Kbuild
config.status:1257: creating examples/rtai/Makefile
config.status:1257: creating examples/rtai_rtdm/Makefile
config.status:1257: creating examples/rtai_rtdm_dc/Makefile
config.status:1257: creating examples/tty/Kbuild
config.status:1257: creating examples/tty/Makefile
config.status:1257: creating examples/user/Makefile
config.status:1257: creating examples/xenomai/Makefile
config.status:1257: creating examples/xenomai_posix/Makefile
config.status:1257: creating include/Makefile
config.status:1257: creating lib/Makefile
config.status:1257: creating libethercat_wrapper/Makefile
config.status:1257: creating m4/Makefile
config.status:1257: creating master/Kbuild
config.status:1257: creating master/Makefile
config.status:1257: creating script/Makefile
config.status:1257: creating script/ethercat.service
config.status:1257: creating script/ethercatctl
config.status:1257: creating script/init.d/Makefile
config.status:1257: creating script/init.d/ethercat
config.status:1257: creating script/sysconfig/Makefile
config.status:1257: creating tool/Makefile
config.status:1257: creating tty/Kbuild
config.status:1257: creating tty/Makefile
config.status:1257: creating config.h
config.status:1486: executing depfiles commands
config.status:1486: executing libtool commands

## ---------------- ##
## Cache variables. ##
## ---------------- ##

ac_cv_build=aarch64-unknown-linux-gnu
ac_cv_c_compiler_gnu=yes
ac_cv_cxx_compiler_gnu=yes
ac_cv_env_CCC_set=
ac_cv_env_CCC_value=
ac_cv_env_CC_set=
ac_cv_env_CC_value=
ac_cv_env_CFLAGS_set=
ac_cv_env_CFLAGS_value=
ac_cv_env_CPPFLAGS_set=
ac_cv_env_CPPFLAGS_value=
ac_cv_env_CPP_set=
ac_cv_env_CPP_value=
ac_cv_env_CXXCPP_set=
ac_cv_env_CXXCPP_value=
ac_cv_env_CXXFLAGS_set=
ac_cv_env_CXXFLAGS_value=
ac_cv_env_CXX_set=
ac_cv_env_CXX_value=
ac_cv_env_LDFLAGS_set=
ac_cv_env_LDFLAGS_value=
ac_cv_env_LIBS_set=
ac_cv_env_LIBS_value=
ac_cv_env_LT_SYS_LIBRARY_PATH_set=
ac_cv_env_LT_SYS_LIBRARY_PATH_value=
ac_cv_env_build_alias_set=
ac_cv_env_build_alias_value=
ac_cv_env_host_alias_set=
ac_cv_env_host_alias_value=
ac_cv_env_target_alias_set=
ac_cv_env_target_alias_value=
ac_cv_header_dlfcn_h=yes
ac_cv_header_inttypes_h=yes
ac_cv_header_memory_h=yes
ac_cv_header_stdc=yes
ac_cv_header_stdint_h=yes
ac_cv_header_stdlib_h=yes
ac_cv_header_string_h=yes
ac_cv_header_strings_h=yes
ac_cv_header_sys_stat_h=yes
ac_cv_header_sys_types_h=yes
ac_cv_header_unistd_h=yes
ac_cv_host=aarch64-unknown-linux-gnu
ac_cv_objext=o
ac_cv_path_EGREP='/bin/grep -E'
ac_cv_path_FGREP='/bin/grep -F'
ac_cv_path_GREP=/bin/grep
ac_cv_path_SED=/bin/sed
ac_cv_path_install='/usr/bin/install -c'
ac_cv_path_lt_DD=/bin/dd
ac_cv_path_mkdir=/bin/mkdir
ac_cv_prog_AWK=mawk
ac_cv_prog_CPP='gcc -E'
ac_cv_prog_CXXCPP='g++ -E'
ac_cv_prog_ac_ct_AR=ar
ac_cv_prog_ac_ct_CC=gcc
ac_cv_prog_ac_ct_CXX=g++
ac_cv_prog_ac_ct_MANIFEST_TOOL=mt
ac_cv_prog_ac_ct_OBJDUMP=objdump
ac_cv_prog_ac_ct_RANLIB=ranlib
ac_cv_prog_ac_ct_STRIP=strip
ac_cv_prog_cc_c89=
ac_cv_prog_cc_g=yes
ac_cv_prog_cxx_g=yes
ac_cv_prog_make_make_set=yes
am_cv_CC_dependencies_compiler_type=gcc3
am_cv_CXX_dependencies_compiler_type=gcc3
am_cv_ar_interface=ar
am_cv_make_support_nested_variables=yes
am_cv_prog_cc_c_o=yes
lt_cv_ar_at_file=@
lt_cv_archive_cmds_need_lc=no
lt_cv_deplibs_check_method=pass_all
lt_cv_file_magic_cmd='$MAGIC_CMD'
lt_cv_file_magic_test_file=
lt_cv_ld_reload_flag=-r
lt_cv_nm_interface='BSD nm'
lt_cv_objdir=.libs
lt_cv_path_LD=/usr/bin/ld
lt_cv_path_LDCXX=/usr/bin/ld
lt_cv_path_NM='/usr/bin/nm -B'
lt_cv_path_mainfest_tool=no
lt_cv_prog_compiler_c_o=yes
lt_cv_prog_compiler_c_o_CXX=yes
lt_cv_prog_compiler_pic='-fPIC -DPIC'
lt_cv_prog_compiler_pic_CXX='-fPIC -DPIC'
lt_cv_prog_compiler_pic_works=yes
lt_cv_prog_compiler_pic_works_CXX=yes
lt_cv_prog_compiler_rtti_exceptions=no
lt_cv_prog_compiler_static_works=yes
lt_cv_prog_compiler_static_works_CXX=yes
lt_cv_prog_gnu_ld=yes
lt_cv_prog_gnu_ldcxx=yes
lt_cv_sharedlib_from_linklib_cmd='printf %s\n'
lt_cv_shlibpath_overrides_runpath=yes
lt_cv_sys_global_symbol_pipe='sed -n -e '\''s/^.*[	 ]\([ABCDGIRSTW][ABCDGIRSTW]*\)[	 ][	 ]*\([_A-Za-z][_A-Za-z0-9]*\)$/\1 \2 \2/p'\'' | sed '\''/ __gnu_lto/d'\'''
lt_cv_sys_global_symbol_to_c_name_address='sed -n -e '\''s/^: \(.*\) .*$/  {"\1", (void *) 0},/p'\'' -e '\''s/^[ABCDGIRSTW][ABCDGIRSTW]* .* \(.*\)$/  {"\1", (void *) \&\1},/p'\'''
lt_cv_sys_global_symbol_to_c_name_address_lib_prefix='sed -n -e '\''s/^: \(.*\) .*$/  {"\1", (void *) 0},/p'\'' -e '\''s/^[ABCDGIRSTW][ABCDGIRSTW]* .* \(lib.*\)$/  {"\1", (void *) \&\1},/p'\'' -e '\''s/^[ABCDGIRSTW][ABCDGIRSTW]* .* \(.*\)$/  {"lib\1", (void *) \&\1},/p'\'''
lt_cv_sys_global_symbol_to_cdecl='sed -n -e '\''s/^T .* \(.*\)$/extern int \1();/p'\'' -e '\''s/^[ABCDGIRSTW][ABCDGIRSTW]* .* \(.*\)$/extern char \1;/p'\'''
lt_cv_sys_global_symbol_to_import=
lt_cv_sys_max_cmd_len=1572864
lt_cv_to_host_file_cmd=func_convert_file_noop
lt_cv_to_tool_file_cmd=func_convert_file_noop
lt_cv_truncate_bin='/bin/dd bs=4096 count=1'

## ----------------- ##
## Output variables. ##
## ----------------- ##

ACLOCAL='${SHELL} /home/zhangshaoyan/ethercat/Etherlab_EtherCAT_Master/autoconf/missing aclocal-1.15'
AMDEPBACKSLASH='\'
AMDEP_FALSE='#'
AMDEP_TRUE=''
AMTAR='$${TAR-tar}'
AM_BACKSLASH='\'
AM_DEFAULT_V='$(AM_DEFAULT_VERBOSITY)'
AM_DEFAULT_VERBOSITY='1'
AM_V='$(V)'
AR='ar'
AUTOCONF='${SHELL} /home/zhangshaoyan/ethercat/Etherlab_EtherCAT_Master/autoconf/missing autoconf'
AUTOHEADER='${SHELL} /home/zhangshaoyan/ethercat/Etherlab_EtherCAT_Master/autoconf/missing autoheader'
AUTOMAKE='${SHELL} /home/zhangshaoyan/ethercat/Etherlab_EtherCAT_Master/autoconf/missing automake-1.15'
AWK='mawk'
BUILD_TOOL_FALSE='#'
BUILD_TOOL_TRUE=''
CC='gcc'
CCDEPMODE='depmode=gcc3'
CFLAGS='-g -O2'
CPP='gcc -E'
CPPFLAGS=''
CXX='g++'
CXXCPP='g++ -E'
CXXDEPMODE='depmode=gcc3'
CXXFLAGS='-g -O2'
CYGPATH_W='echo'
DEFS='-DHAVE_CONFIG_H'
DEPDIR='.deps'
DLLTOOL='false'
DSYMUTIL=''
DUMPBIN=''
E1000E_LAYOUT='0'
ECHO_C=''
ECHO_N='-n'
ECHO_T=''
EGREP='/bin/grep -E'
ENABLE_8139TOO='0'
ENABLE_8139TOO_FALSE=''
ENABLE_8139TOO_TRUE='#'
ENABLE_CCAT='0'
ENABLE_CCAT_FALSE=''
ENABLE_CCAT_TRUE='#'
ENABLE_DEBUG_IF='0'
ENABLE_DEBUG_IF_FALSE=''
ENABLE_DEBUG_IF_TRUE='#'
ENABLE_E1000='0'
ENABLE_E1000E='0'
ENABLE_E1000E_FALSE=''
ENABLE_E1000E_TRUE='#'
ENABLE_E1000_FALSE=''
ENABLE_E1000_TRUE='#'
ENABLE_E100='0'
ENABLE_E100_FALSE=''
ENABLE_E100_TRUE='#'
ENABLE_EOE='1'
ENABLE_EOE_FALSE='#'
ENABLE_EOE_TRUE=''
ENABLE_GENERIC='1'
ENABLE_GENERIC_FALSE='#'
ENABLE_GENERIC_TRUE=''
ENABLE_KERNEL='1'
ENABLE_KERNEL_FALSE='#'
ENABLE_KERNEL_TRUE=''
ENABLE_R8169='0'
ENABLE_R8169_FALSE=''
ENABLE_R8169_TRUE='#'
ENABLE_RTAI='0'
ENABLE_RTAI_FALSE=''
ENABLE_RTAI_TRUE='#'
ENABLE_RTDM='0'
ENABLE_RTDM_FALSE=''
ENABLE_RTDM_TRUE='#'
ENABLE_TTY='0'
ENABLE_TTY_FALSE=''
ENABLE_TTY_TRUE='#'
ENABLE_USERLIB_FALSE='#'
ENABLE_USERLIB_TRUE=''
ENABLE_XENOMAI='0'
ENABLE_XENOMAI_FALSE=''
ENABLE_XENOMAI_TRUE='#'
EXEEXT=''
FGREP='/bin/grep -F'
GREP='/bin/grep'
INSTALL_DATA='${INSTALL} -m 644'
INSTALL_MOD_DIR='ethercat'
INSTALL_PROGRAM='${INSTALL}'
INSTALL_SCRIPT='${INSTALL}'
INSTALL_STRIP_PROGRAM='$(install_sh) -c -s'
KERNEL_8139TOO='4.9'
KERNEL_E1000='4.9'
KERNEL_E1000E='4.9'
KERNEL_E100='4.9'
KERNEL_R8169='4.9'
LD='/usr/bin/ld'
LDFLAGS=''
LIBETHERCAT_WRAPPER_VERSION='0.7'
LIBOBJS=''
LIBS=''
LIBTOOL='$(SHELL) $(top_builddir)/libtool'
LINUX_SOURCE_DIR='/usr/src/linux-headers-4.9.140-tegra-ubuntu18.04_aarch64/kernel-4.9'
LIPO=''
LN_S='ln -s'
LTLIBOBJS=''
LT_SYS_LIBRARY_PATH=''
MAKEINFO='${SHELL} /home/zhangshaoyan/ethercat/Etherlab_EtherCAT_Master/autoconf/missing makeinfo'
MANIFEST_TOOL=':'
MKDIR_P='/bin/mkdir -p'
NM='/usr/bin/nm -B'
NMEDIT=''
OBJDUMP='objdump'
OBJEXT='o'
OTOOL64=''
OTOOL=''
PACKAGE='ethercat'
PACKAGE_BUGREPORT='fp@igh-essen.com'
PACKAGE_NAME='ethercat'
PACKAGE_STRING='ethercat 1.5.2-sncn-7'
PACKAGE_TARNAME='ethercat'
PACKAGE_URL=''
PACKAGE_VERSION='1.5.2-sncn-7'
PATH_SEPARATOR=':'
RANLIB='ranlib'
RTAI_DIR=''
RTAI_LXRT_CFLAGS=''
RTAI_LXRT_LDFLAGS=''
SED='/bin/sed'
SET_MAKE=''
SHELL='/bin/bash'
STRIP='strip'
VERSION='1.5.2-sncn-7'
XENOMAI_DIR=''
XENOMAI_NATIVE_CFLAGS=''
XENOMAI_NATIVE_LDFLAGS=''
XENOMAI_POSIX_CFLAGS=''
XENOMAI_POSIX_LDFLAGS=''
XENOMAI_RTDM_CFLAGS=''
XENOMAI_RTDM_LDFLAGS=''
ac_ct_AR='ar'
ac_ct_CC='gcc'
ac_ct_CXX='g++'
ac_ct_DUMPBIN=''
am__EXEEXT_FALSE=''
am__EXEEXT_TRUE='#'
am__fastdepCC_FALSE='#'
am__fastdepCC_TRUE=''
am__fastdepCXX_FALSE='#'
am__fastdepCXX_TRUE=''
am__include='include'
am__isrc=''
am__leading_dot='.'
am__nodep='_no'
am__quote=''
am__tar='$${TAR-tar} chof - "$$tardir"'
am__untar='$${TAR-tar} xf -'
bindir='${exec_prefix}/bin'
build='aarch64-unknown-linux-gnu'
build_alias=''
build_cpu='aarch64'
build_os='linux-gnu'
build_vendor='unknown'
datadir='${datarootdir}'
datarootdir='${prefix}/share'
docdir='${datarootdir}/doc/${PACKAGE_TARNAME}'
dvidir='${docdir}'
exec_prefix='${prefix}'
host='aarch64-unknown-linux-gnu'
host_alias=''
host_cpu='aarch64'
host_os='linux-gnu'
host_vendor='unknown'
htmldir='${docdir}'
includedir='${prefix}/include'
infodir='${datarootdir}/info'
install_sh='${SHELL} /home/zhangshaoyan/ethercat/Etherlab_EtherCAT_Master/autoconf/install-sh'
libdir='${exec_prefix}/lib'
libexecdir='${exec_prefix}/libexec'
localedir='${datarootdir}/locale'
localstatedir='${prefix}/var'
mandir='${datarootdir}/man'
mkdir_p='$(MKDIR_P)'
oldincludedir='/usr/include'
pdfdir='${docdir}'
prefix='/opt/etherlab'
program_transform_name='s,x,x,'
psdir='${docdir}'
runstatedir='${localstatedir}/run'
sbindir='${exec_prefix}/sbin'
sharedstatedir='${prefix}/com'
sysconfdir='${prefix}/etc'
target_alias=''

## ----------- ##
## confdefs.h. ##
## ----------- ##

/* confdefs.h */
#define PACKAGE_NAME "ethercat"
#define PACKAGE_TARNAME "ethercat"
#define PACKAGE_VERSION "1.5.2-sncn-7"
#define PACKAGE_STRING "ethercat 1.5.2-sncn-7"
#define PACKAGE_BUGREPORT "fp@igh-essen.com"
#define PACKAGE_URL ""
#define PACKAGE "ethercat"
#define VERSION "1.5.2-sncn-7"
#define STDC_HEADERS 1
#define HAVE_SYS_TYPES_H 1
#define HAVE_SYS_STAT_H 1
#define HAVE_STDLIB_H 1
#define HAVE_STRING_H 1
#define HAVE_MEMORY_H 1
#define HAVE_STRINGS_H 1
#define HAVE_INTTYPES_H 1
#define HAVE_STDINT_H 1
#define HAVE_UNISTD_H 1
#define HAVE_DLFCN_H 1
#define LT_OBJDIR ".libs/"
#define EC_EOE 1
#define EC_MAX_NUM_DEVICES 1
#define EC_RT_SYSLOG 1

configure: exit 0
